  [1m[35m (1.7ms)[0m  [1m[34mSELECT sqlite_version(*)[0m
  [1m[35m (7.2ms)[0m  [1m[35mCREATE TABLE "schema_migrations" ("version" varchar NOT NULL PRIMARY KEY)[0m
  [1m[35m (5.7ms)[0m  [1m[35mCREATE TABLE "ar_internal_metadata" ("key" varchar NOT NULL PRIMARY KEY, "value" varchar, "created_at" datetime(6) NOT NULL, "updated_at" datetime(6) NOT NULL)[0m
  [1m[35m (0.2ms)[0m  [1m[34mSELECT "schema_migrations"."version" FROM "schema_migrations" ORDER BY "schema_migrations"."version" ASC[0m
Migrating to CreateUsers (20210919003013)
  [1m[36mTRANSACTION (0.1ms)[0m  [1m[36mbegin transaction[0m
  [1m[35m (0.3ms)[0m  [1m[35mCREATE TABLE "users" ("id" integer PRIMARY KEY AUTOINCREMENT NOT NULL, "name" varchar, "email" varchar, "password_digest" varchar, "remember_digest" varchar, "admin" boolean DEFAULT 0, "activation_digest" varchar, "activated" boolean DEFAULT 0, "activated_at" datetime, "reset_digest" varchar, "reset_sent_at" datetime, "created_at" datetime(6) NOT NULL, "updated_at" datetime(6) NOT NULL)[0m
  [1m[35m (0.2ms)[0m  [1m[35mCREATE UNIQUE INDEX "index_users_on_email" ON "users" ("email")[0m
  [1m[36mActiveRecord::SchemaMigration Create (0.2ms)[0m  [1m[32mINSERT INTO "schema_migrations" ("version") VALUES (?)[0m  [["version", "20210919003013"]]
  [1m[36mTRANSACTION (6.5ms)[0m  [1m[36mcommit transaction[0m
  [1m[36mActiveRecord::InternalMetadata Load (0.1ms)[0m  [1m[34mSELECT "ar_internal_metadata".* FROM "ar_internal_metadata" WHERE "ar_internal_metadata"."key" = ? LIMIT ?[0m  [["key", "environment"], ["LIMIT", 1]]
  [1m[36mTRANSACTION (0.1ms)[0m  [1m[36mbegin transaction[0m
  [1m[36mActiveRecord::InternalMetadata Create (0.2ms)[0m  [1m[32mINSERT INTO "ar_internal_metadata" ("key", "value", "created_at", "updated_at") VALUES (?, ?, ?, ?)[0m  [["key", "environment"], ["value", "development"], ["created_at", "2021-09-19 00:48:05.656580"], ["updated_at", "2021-09-19 00:48:05.656580"]]
  [1m[36mTRANSACTION (4.4ms)[0m  [1m[36mcommit transaction[0m
  [1m[35m (0.1ms)[0m  [1m[34mSELECT sqlite_version(*)[0m
  [1m[35m (0.1ms)[0m  [1m[34mSELECT "schema_migrations"."version" FROM "schema_migrations" ORDER BY "schema_migrations"."version" ASC[0m
  [1m[35m (0.4ms)[0m  [1m[34mSELECT sqlite_version(*)[0m
  [1m[36mTRANSACTION (0.1ms)[0m  [1m[36mbegin transaction[0m
  [1m[36mTRANSACTION (0.1ms)[0m  [1m[35mSAVEPOINT active_record_1[0m
  [1m[36mUser Create (0.3ms)[0m  [1m[32mINSERT INTO "users" ("name", "email", "created_at", "updated_at") VALUES (?, ?, ?, ?)[0m  [["name", "Michael Hartl"], ["email", "michael@example.com"], ["created_at", "2021-09-19 00:59:38.833495"], ["updated_at", "2021-09-19 00:59:38.833495"]]
  [1m[36mTRANSACTION (0.1ms)[0m  [1m[35mRELEASE SAVEPOINT active_record_1[0m
  [1m[35m (0.7ms)[0m  [1m[34mSELECT sqlite_version(*)[0m
  [1m[36mTRANSACTION (0.1ms)[0m  [1m[36mbegin transaction[0m
  [1m[35m (0.5ms)[0m  [1m[34mSELECT sqlite_version(*)[0m
  [1m[36mTRANSACTION (0.1ms)[0m  [1m[36mbegin transaction[0m
Started GET "/" for 133.32.224.24 at 2021-09-19 08:57:20 +0000
  [1m[35m (1.2ms)[0m  [1m[34mSELECT sqlite_version(*)[0m
  [1m[35m (0.2ms)[0m  [1m[34mSELECT "schema_migrations"."version" FROM "schema_migrations" ORDER BY "schema_migrations"."version" ASC[0m
Processing by Rails::WelcomeController#index as HTML
  Rendering /home/ubuntu/.rbenv/versions/3.0.2/lib/ruby/gems/3.0.0/gems/railties-6.1.4.1/lib/rails/templates/rails/welcome/index.html.erb
  Rendered /home/ubuntu/.rbenv/versions/3.0.2/lib/ruby/gems/3.0.0/gems/railties-6.1.4.1/lib/rails/templates/rails/welcome/index.html.erb (Duration: 10.0ms | Allocations: 601)
Completed 200 OK in 24ms (Views: 15.1ms | ActiveRecord: 0.0ms | Allocations: 4505)


Started GET "/favicon.ico" for 133.32.224.24 at 2021-09-19 08:57:21 +0000
  
ActionController::RoutingError (No route matches [GET] "/favicon.ico"):
  
Started GET "/" for 133.32.224.24 at 2021-09-19 08:58:47 +0000
  [1m[35m (0.5ms)[0m  [1m[34mSELECT sqlite_version(*)[0m
  [1m[35m (0.1ms)[0m  [1m[34mSELECT "schema_migrations"."version" FROM "schema_migrations" ORDER BY "schema_migrations"."version" ASC[0m
Processing by Rails::WelcomeController#index as HTML
  Rendering /home/ubuntu/.rbenv/versions/3.0.2/lib/ruby/gems/3.0.0/gems/railties-6.1.4.1/lib/rails/templates/rails/welcome/index.html.erb
  Rendered /home/ubuntu/.rbenv/versions/3.0.2/lib/ruby/gems/3.0.0/gems/railties-6.1.4.1/lib/rails/templates/rails/welcome/index.html.erb (Duration: 5.5ms | Allocations: 496)
Completed 200 OK in 10ms (Views: 7.0ms | ActiveRecord: 0.0ms | Allocations: 3382)


Started GET "/users" for 133.32.224.24 at 2021-09-19 08:58:53 +0000
  
ActionController::RoutingError (No route matches [GET] "/users"):
  
Started GET "/" for 133.32.224.24 at 2021-09-19 08:59:23 +0000
Processing by Rails::WelcomeController#index as HTML
  Rendering /home/ubuntu/.rbenv/versions/3.0.2/lib/ruby/gems/3.0.0/gems/railties-6.1.4.1/lib/rails/templates/rails/welcome/index.html.erb
  Rendered /home/ubuntu/.rbenv/versions/3.0.2/lib/ruby/gems/3.0.0/gems/railties-6.1.4.1/lib/rails/templates/rails/welcome/index.html.erb (Duration: 5.3ms | Allocations: 265)
Completed 200 OK in 7ms (Views: 6.2ms | ActiveRecord: 0.0ms | Allocations: 1044)


Started GET "/" for 133.32.224.24 at 2021-09-19 08:59:57 +0000
  [1m[35m (0.4ms)[0m  [1m[34mSELECT sqlite_version(*)[0m
  [1m[35m (0.1ms)[0m  [1m[34mSELECT "schema_migrations"."version" FROM "schema_migrations" ORDER BY "schema_migrations"."version" ASC[0m
Processing by Rails::WelcomeController#index as HTML
  Rendering /home/ubuntu/.rbenv/versions/3.0.2/lib/ruby/gems/3.0.0/gems/railties-6.1.4.1/lib/rails/templates/rails/welcome/index.html.erb
  Rendered /home/ubuntu/.rbenv/versions/3.0.2/lib/ruby/gems/3.0.0/gems/railties-6.1.4.1/lib/rails/templates/rails/welcome/index.html.erb (Duration: 5.6ms | Allocations: 496)
Completed 200 OK in 10ms (Views: 7.2ms | ActiveRecord: 0.0ms | Allocations: 3382)


Started GET "/api/v1/users" for 133.32.224.24 at 2021-09-19 09:00:57 +0000
  
SyntaxError (/home/ubuntu/app/backend/app/controllers/api/v1/users_controller.rb:1: class/module name must be CONSTANT
module api
       ^~~
/home/ubuntu/app/backend/app/controllers/api/v1/users_controller.rb:2: class/module name must be CONSTANT
  module v1
         ^~
):
  
app/controllers/api/v1/users_controller.rb:1: class/module name must be CONSTANT
app/controllers/api/v1/users_controller.rb:2: class/module name must be CONSTANT
app/controllers/api/v1/users_controller.rb:1: class/module name must be CONSTANT
app/controllers/api/v1/users_controller.rb:2: class/module name must be CONSTANT
Started GET "/api/v1/users" for 133.32.224.24 at 2021-09-19 09:03:31 +0000
Processing by Api::V1::UsersController#index as HTML
  [1m[35m (0.1ms)[0m  [1m[34mSELECT sqlite_version(*)[0m
  ↳ app/controllers/api/v1/users_controller.rb:7:in `index'
  [1m[36mUser Load (0.1ms)[0m  [1m[34mSELECT "users".* FROM "users"[0m
  ↳ app/controllers/api/v1/users_controller.rb:7:in `index'
Completed 200 OK in 6ms (Views: 3.8ms | ActiveRecord: 0.5ms | Allocations: 2971)


Started GET "/api/v1/home" for 133.32.224.24 at 2021-09-19 13:11:44 +0000
  [1m[35m (1.8ms)[0m  [1m[34mSELECT sqlite_version(*)[0m
  [1m[35m (0.2ms)[0m  [1m[34mSELECT "schema_migrations"."version" FROM "schema_migrations" ORDER BY "schema_migrations"."version" ASC[0m
  
ActionController::RoutingError (No route matches [GET] "/api/v1/home"):
  
Started GET "/api/v1/home" for 133.32.224.24 at 2021-09-19 13:11:48 +0000
  
ActionController::RoutingError (No route matches [GET] "/api/v1/home"):
  
Started GET "/api/v1/home" for 133.32.224.24 at 2021-09-19 13:14:58 +0000
  
SyntaxError (/home/ubuntu/app/backend/config/routes.rb:4: syntax error, unexpected local variable or method, expecting `end'
      get '/home' to: 'users#index'
                  ^~
/home/ubuntu/app/backend/config/routes.rb:7: syntax error, unexpected `end', expecting end-of-input
  end
  ^~~
):
  
config/routes.rb:4: syntax error, unexpected local variable or method, expecting `end'
config/routes.rb:7: syntax error, unexpected `end', expecting end-of-input
config/routes.rb:4: syntax error, unexpected local variable or method, expecting `end'
config/routes.rb:7: syntax error, unexpected `end', expecting end-of-input
Started GET "/api/v1/home" for 133.32.224.24 at 2021-09-19 13:15:31 +0000
Processing by Api::V1::UsersController#index as HTML
  [1m[35m (0.1ms)[0m  [1m[34mSELECT sqlite_version(*)[0m
  ↳ app/controllers/api/v1/users_controller.rb:6:in `index'
  [1m[36mUser Load (0.7ms)[0m  [1m[34mSELECT "users".* FROM "users"[0m
  ↳ app/controllers/api/v1/users_controller.rb:6:in `index'
Completed 200 OK in 9ms (Views: 5.6ms | ActiveRecord: 1.2ms | Allocations: 3030)


  [1m[35m (0.5ms)[0m  [1m[34mSELECT sqlite_version(*)[0m
  [1m[35m (0.1ms)[0m  [1m[34mSELECT "schema_migrations"."version" FROM "schema_migrations" ORDER BY "schema_migrations"."version" ASC[0m
  [1m[35m (0.1ms)[0m  [1m[34mSELECT sqlite_version(*)[0m
  [1m[36mTRANSACTION (0.1ms)[0m  [1m[36mbegin transaction[0m
  [1m[36mUser Exists? (0.8ms)[0m  [1m[34mSELECT 1 AS one FROM "users" WHERE "users"."email" = ? LIMIT ?[0m  [["email", "example@example.com"], ["LIMIT", 1]]
  [1m[36mUser Create (0.8ms)[0m  [1m[32mINSERT INTO "users" ("name", "email", "created_at", "updated_at") VALUES (?, ?, ?, ?)[0m  [["name", "Example User"], ["email", "example@example.com"], ["created_at", "2021-09-19 13:16:49.717297"], ["updated_at", "2021-09-19 13:16:49.717297"]]
  [1m[36mTRANSACTION (7.0ms)[0m  [1m[36mcommit transaction[0m
Started GET "/api/v1/home" for 133.32.224.24 at 2021-09-19 13:18:57 +0000
  [1m[35m (0.5ms)[0m  [1m[34mSELECT sqlite_version(*)[0m
  [1m[35m (0.2ms)[0m  [1m[34mSELECT "schema_migrations"."version" FROM "schema_migrations" ORDER BY "schema_migrations"."version" ASC[0m
Processing by Api::V1::UsersController#index as HTML
  [1m[36mUser Load (0.2ms)[0m  [1m[34mSELECT "users".* FROM "users"[0m
  ↳ app/controllers/api/v1/users_controller.rb:6:in `index'
Completed 200 OK in 17ms (Views: 11.2ms | ActiveRecord: 0.9ms | Allocations: 11272)


